c:\users\skyler crank\documents\opengl\opengl\opengl\x64\debug\vc143.pdb
c:\users\skyler crank\documents\opengl\opengl\opengl\x64\debug\vc143.idb
c:\users\skyler crank\documents\opengl\opengl\opengl\x64\debug\vertexbuffer.obj
c:\users\skyler crank\documents\opengl\opengl\opengl\x64\debug\vertexarray.obj
c:\users\skyler crank\documents\opengl\opengl\opengl\x64\debug\stb_image.obj
c:\users\skyler crank\documents\opengl\opengl\opengl\x64\debug\glm.obj
c:\users\skyler crank\documents\opengl\opengl\opengl\x64\debug\texture.obj
c:\users\skyler crank\documents\opengl\opengl\opengl\x64\debug\shader.obj
c:\users\skyler crank\documents\opengl\opengl\opengl\x64\debug\renderer.obj
c:\users\skyler crank\documents\opengl\opengl\opengl\x64\debug\indexbuffer.obj
c:\users\skyler crank\documents\opengl\opengl\opengl\x64\debug\application.obj
c:\users\skyler crank\documents\opengl\opengl\x64\debug\opengl.exe
c:\users\skyler crank\documents\opengl\opengl\opengl\x64\debug\opengl.ilk
c:\users\skyler crank\documents\opengl\opengl\x64\debug\opengl.pdb
c:\users\skyler crank\documents\opengl\opengl\opengl\x64\debug\rply.obj
c:\users\skyler crank\documents\opengl\opengl\opengl\x64\debug\opengl.vcxproj.cppwinrt_comp.rsp
c:\users\skyler crank\documents\opengl\opengl\opengl\x64\debug\opengl.vcxproj.cppwinrt_plat.rsp
c:\users\skyler crank\documents\opengl\opengl\opengl\x64\debug\opengl.vcxproj.mdmerge.rsp
c:\users\skyler crank\documents\opengl\opengl\opengl\x64\debug\opengl.vcxproj.midlrt.rsp
c:\users\skyler crank\documents\opengl\opengl\opengl\x64\debug\opengl.tlog\cl.command.1.tlog
c:\users\skyler crank\documents\opengl\opengl\opengl\x64\debug\opengl.tlog\cl.read.1.tlog
c:\users\skyler crank\documents\opengl\opengl\opengl\x64\debug\opengl.tlog\cl.write.1.tlog
c:\users\skyler crank\documents\opengl\opengl\opengl\x64\debug\opengl.tlog\link.command.1.tlog
c:\users\skyler crank\documents\opengl\opengl\opengl\x64\debug\opengl.tlog\link.read.1.tlog
c:\users\skyler crank\documents\opengl\opengl\opengl\x64\debug\opengl.tlog\link.write.1.tlog
